{"C:\\Users\\jjmal\\React\\delivery-fee-calculator\\__mocks__\\mockOrderInfo.ts": {"path":"C:\\Users\\jjmal\\React\\delivery-fee-calculator\\__mocks__\\mockOrderInfo.ts","all":false,"statementMap":{"0":{"start":{"line":1,"column":0},"end":{"line":1,"column":46}},"1":{"start":{"line":2,"column":0},"end":{"line":2,"column":0}},"2":{"start":{"line":3,"column":0},"end":{"line":3,"column":12}},"3":{"start":{"line":4,"column":0},"end":{"line":4,"column":53}},"4":{"start":{"line":5,"column":0},"end":{"line":5,"column":40}},"5":{"start":{"line":6,"column":0},"end":{"line":6,"column":21}},"6":{"start":{"line":7,"column":0},"end":{"line":7,"column":28}},"7":{"start":{"line":8,"column":0},"end":{"line":8,"column":23}},"8":{"start":{"line":9,"column":0},"end":{"line":9,"column":30}},"9":{"start":{"line":10,"column":0},"end":{"line":10,"column":30}},"10":{"start":{"line":11,"column":0},"end":{"line":11,"column":23}},"11":{"start":{"line":12,"column":0},"end":{"line":12,"column":6}},"12":{"start":{"line":13,"column":0},"end":{"line":13,"column":35}},"13":{"start":{"line":14,"column":0},"end":{"line":14,"column":21}},"14":{"start":{"line":15,"column":0},"end":{"line":15,"column":28}},"15":{"start":{"line":16,"column":0},"end":{"line":16,"column":23}},"16":{"start":{"line":17,"column":0},"end":{"line":17,"column":52}},"17":{"start":{"line":18,"column":0},"end":{"line":18,"column":52}},"18":{"start":{"line":19,"column":0},"end":{"line":19,"column":23}},"19":{"start":{"line":20,"column":0},"end":{"line":20,"column":6}},"20":{"start":{"line":21,"column":0},"end":{"line":21,"column":33}},"21":{"start":{"line":22,"column":0},"end":{"line":22,"column":21}},"22":{"start":{"line":23,"column":0},"end":{"line":23,"column":28}},"23":{"start":{"line":24,"column":0},"end":{"line":24,"column":23}},"24":{"start":{"line":25,"column":0},"end":{"line":25,"column":30}},"25":{"start":{"line":26,"column":0},"end":{"line":26,"column":30}},"26":{"start":{"line":27,"column":0},"end":{"line":27,"column":24}},"27":{"start":{"line":28,"column":0},"end":{"line":28,"column":5}},"28":{"start":{"line":29,"column":0},"end":{"line":29,"column":1}},"29":{"start":{"line":30,"column":0},"end":{"line":30,"column":0}},"30":{"start":{"line":31,"column":0},"end":{"line":31,"column":65}},"31":{"start":{"line":32,"column":0},"end":{"line":32,"column":48}},"32":{"start":{"line":33,"column":0},"end":{"line":33,"column":5}},"33":{"start":{"line":34,"column":0},"end":{"line":34,"column":22}},"34":{"start":{"line":35,"column":0},"end":{"line":35,"column":30}},"35":{"start":{"line":36,"column":0},"end":{"line":36,"column":23}},"36":{"start":{"line":37,"column":0},"end":{"line":37,"column":52}},"37":{"start":{"line":38,"column":0},"end":{"line":38,"column":52}},"38":{"start":{"line":39,"column":0},"end":{"line":39,"column":23}},"39":{"start":{"line":40,"column":0},"end":{"line":40,"column":6}},"40":{"start":{"line":41,"column":0},"end":{"line":41,"column":5}},"41":{"start":{"line":42,"column":0},"end":{"line":42,"column":22}},"42":{"start":{"line":43,"column":0},"end":{"line":43,"column":31}},"43":{"start":{"line":44,"column":0},"end":{"line":44,"column":23}},"44":{"start":{"line":45,"column":0},"end":{"line":45,"column":52}},"45":{"start":{"line":46,"column":0},"end":{"line":46,"column":52}},"46":{"start":{"line":47,"column":0},"end":{"line":47,"column":23}},"47":{"start":{"line":48,"column":0},"end":{"line":48,"column":6}},"48":{"start":{"line":49,"column":0},"end":{"line":49,"column":1}},"49":{"start":{"line":50,"column":0},"end":{"line":50,"column":23}},"50":{"start":{"line":51,"column":0},"end":{"line":51,"column":53}},"51":{"start":{"line":52,"column":0},"end":{"line":52,"column":8}},"52":{"start":{"line":53,"column":0},"end":{"line":53,"column":21}},"53":{"start":{"line":54,"column":0},"end":{"line":54,"column":30}},"54":{"start":{"line":55,"column":0},"end":{"line":55,"column":23}},"55":{"start":{"line":56,"column":0},"end":{"line":56,"column":52}},"56":{"start":{"line":57,"column":0},"end":{"line":57,"column":52}},"57":{"start":{"line":58,"column":0},"end":{"line":58,"column":23}},"58":{"start":{"line":59,"column":0},"end":{"line":59,"column":6}},"59":{"start":{"line":60,"column":0},"end":{"line":60,"column":8}},"60":{"start":{"line":61,"column":0},"end":{"line":61,"column":23}},"61":{"start":{"line":62,"column":0},"end":{"line":62,"column":30}},"62":{"start":{"line":63,"column":0},"end":{"line":63,"column":23}},"63":{"start":{"line":64,"column":0},"end":{"line":64,"column":52}},"64":{"start":{"line":65,"column":0},"end":{"line":65,"column":52}},"65":{"start":{"line":66,"column":0},"end":{"line":66,"column":23}},"66":{"start":{"line":67,"column":0},"end":{"line":67,"column":6}},"67":{"start":{"line":68,"column":0},"end":{"line":68,"column":8}},"68":{"start":{"line":69,"column":0},"end":{"line":69,"column":24}},"69":{"start":{"line":70,"column":0},"end":{"line":70,"column":30}},"70":{"start":{"line":71,"column":0},"end":{"line":71,"column":23}},"71":{"start":{"line":72,"column":0},"end":{"line":72,"column":52}},"72":{"start":{"line":73,"column":0},"end":{"line":73,"column":52}},"73":{"start":{"line":74,"column":0},"end":{"line":74,"column":23}},"74":{"start":{"line":75,"column":0},"end":{"line":75,"column":6}},"75":{"start":{"line":76,"column":0},"end":{"line":76,"column":1}},"76":{"start":{"line":77,"column":0},"end":{"line":77,"column":14}},"77":{"start":{"line":78,"column":0},"end":{"line":78,"column":45}},"78":{"start":{"line":79,"column":0},"end":{"line":79,"column":6}},"79":{"start":{"line":80,"column":0},"end":{"line":80,"column":22}},"80":{"start":{"line":81,"column":0},"end":{"line":81,"column":31}},"81":{"start":{"line":82,"column":0},"end":{"line":82,"column":23}},"82":{"start":{"line":83,"column":0},"end":{"line":83,"column":52}},"83":{"start":{"line":84,"column":0},"end":{"line":84,"column":52}},"84":{"start":{"line":85,"column":0},"end":{"line":85,"column":23}},"85":{"start":{"line":86,"column":0},"end":{"line":86,"column":6}},"86":{"start":{"line":87,"column":0},"end":{"line":87,"column":6}},"87":{"start":{"line":88,"column":0},"end":{"line":88,"column":22}},"88":{"start":{"line":89,"column":0},"end":{"line":89,"column":31}},"89":{"start":{"line":90,"column":0},"end":{"line":90,"column":23}},"90":{"start":{"line":91,"column":0},"end":{"line":91,"column":52}},"91":{"start":{"line":92,"column":0},"end":{"line":92,"column":52}},"92":{"start":{"line":93,"column":0},"end":{"line":93,"column":23}},"93":{"start":{"line":94,"column":0},"end":{"line":94,"column":6}},"94":{"start":{"line":95,"column":0},"end":{"line":95,"column":6}},"95":{"start":{"line":96,"column":0},"end":{"line":96,"column":22}},"96":{"start":{"line":97,"column":0},"end":{"line":97,"column":31}},"97":{"start":{"line":98,"column":0},"end":{"line":98,"column":23}},"98":{"start":{"line":99,"column":0},"end":{"line":99,"column":52}},"99":{"start":{"line":100,"column":0},"end":{"line":100,"column":52}},"100":{"start":{"line":101,"column":0},"end":{"line":101,"column":23}},"101":{"start":{"line":102,"column":0},"end":{"line":102,"column":5}},"102":{"start":{"line":103,"column":0},"end":{"line":103,"column":1}},"103":{"start":{"line":104,"column":0},"end":{"line":104,"column":0}},"104":{"start":{"line":105,"column":0},"end":{"line":105,"column":53}},"105":{"start":{"line":106,"column":0},"end":{"line":106,"column":6}},"106":{"start":{"line":107,"column":0},"end":{"line":107,"column":22}},"107":{"start":{"line":108,"column":0},"end":{"line":108,"column":31}},"108":{"start":{"line":109,"column":0},"end":{"line":109,"column":23}},"109":{"start":{"line":110,"column":0},"end":{"line":110,"column":52}},"110":{"start":{"line":111,"column":0},"end":{"line":111,"column":52}},"111":{"start":{"line":112,"column":0},"end":{"line":112,"column":23}},"112":{"start":{"line":113,"column":0},"end":{"line":113,"column":6}},"113":{"start":{"line":114,"column":0},"end":{"line":114,"column":6}},"114":{"start":{"line":115,"column":0},"end":{"line":115,"column":22}},"115":{"start":{"line":116,"column":0},"end":{"line":116,"column":31}},"116":{"start":{"line":117,"column":0},"end":{"line":117,"column":23}},"117":{"start":{"line":118,"column":0},"end":{"line":118,"column":52}},"118":{"start":{"line":119,"column":0},"end":{"line":119,"column":52}},"119":{"start":{"line":120,"column":0},"end":{"line":120,"column":23}},"120":{"start":{"line":121,"column":0},"end":{"line":121,"column":6}},"121":{"start":{"line":122,"column":0},"end":{"line":122,"column":6}},"122":{"start":{"line":123,"column":0},"end":{"line":123,"column":22}},"123":{"start":{"line":124,"column":0},"end":{"line":124,"column":31}},"124":{"start":{"line":125,"column":0},"end":{"line":125,"column":24}},"125":{"start":{"line":126,"column":0},"end":{"line":126,"column":52}},"126":{"start":{"line":127,"column":0},"end":{"line":127,"column":52}},"127":{"start":{"line":128,"column":0},"end":{"line":128,"column":23}},"128":{"start":{"line":129,"column":0},"end":{"line":129,"column":6}},"129":{"start":{"line":130,"column":0},"end":{"line":130,"column":6}},"130":{"start":{"line":131,"column":0},"end":{"line":131,"column":22}},"131":{"start":{"line":132,"column":0},"end":{"line":132,"column":31}},"132":{"start":{"line":133,"column":0},"end":{"line":133,"column":24}},"133":{"start":{"line":134,"column":0},"end":{"line":134,"column":52}},"134":{"start":{"line":135,"column":0},"end":{"line":135,"column":52}},"135":{"start":{"line":136,"column":0},"end":{"line":136,"column":23}},"136":{"start":{"line":137,"column":0},"end":{"line":137,"column":6}},"137":{"start":{"line":138,"column":0},"end":{"line":138,"column":1}},"138":{"start":{"line":139,"column":0},"end":{"line":139,"column":23}},"139":{"start":{"line":140,"column":0},"end":{"line":140,"column":53}},"140":{"start":{"line":141,"column":0},"end":{"line":141,"column":6}},"141":{"start":{"line":142,"column":0},"end":{"line":142,"column":22}},"142":{"start":{"line":143,"column":0},"end":{"line":143,"column":31}},"143":{"start":{"line":144,"column":0},"end":{"line":144,"column":23}},"144":{"start":{"line":145,"column":0},"end":{"line":145,"column":52}},"145":{"start":{"line":146,"column":0},"end":{"line":146,"column":52}},"146":{"start":{"line":147,"column":0},"end":{"line":147,"column":23}},"147":{"start":{"line":148,"column":0},"end":{"line":148,"column":6}},"148":{"start":{"line":149,"column":0},"end":{"line":149,"column":6}},"149":{"start":{"line":150,"column":0},"end":{"line":150,"column":22}},"150":{"start":{"line":151,"column":0},"end":{"line":151,"column":31}},"151":{"start":{"line":152,"column":0},"end":{"line":152,"column":23}},"152":{"start":{"line":153,"column":0},"end":{"line":153,"column":52}},"153":{"start":{"line":154,"column":0},"end":{"line":154,"column":52}},"154":{"start":{"line":155,"column":0},"end":{"line":155,"column":23}},"155":{"start":{"line":156,"column":0},"end":{"line":156,"column":6}},"156":{"start":{"line":157,"column":0},"end":{"line":157,"column":6}},"157":{"start":{"line":158,"column":0},"end":{"line":158,"column":22}},"158":{"start":{"line":159,"column":0},"end":{"line":159,"column":31}},"159":{"start":{"line":160,"column":0},"end":{"line":160,"column":23}},"160":{"start":{"line":161,"column":0},"end":{"line":161,"column":52}},"161":{"start":{"line":162,"column":0},"end":{"line":162,"column":52}},"162":{"start":{"line":163,"column":0},"end":{"line":163,"column":23}},"163":{"start":{"line":164,"column":0},"end":{"line":164,"column":6}},"164":{"start":{"line":165,"column":0},"end":{"line":165,"column":1}},"165":{"start":{"line":166,"column":0},"end":{"line":166,"column":4}},"166":{"start":{"line":167,"column":0},"end":{"line":167,"column":52}},"167":{"start":{"line":168,"column":0},"end":{"line":168,"column":46}},"168":{"start":{"line":169,"column":0},"end":{"line":169,"column":26}},"169":{"start":{"line":170,"column":0},"end":{"line":170,"column":31}},"170":{"start":{"line":171,"column":0},"end":{"line":171,"column":23}},"171":{"start":{"line":172,"column":0},"end":{"line":172,"column":52}},"172":{"start":{"line":173,"column":0},"end":{"line":173,"column":52}},"173":{"start":{"line":174,"column":0},"end":{"line":174,"column":23}},"174":{"start":{"line":175,"column":0},"end":{"line":175,"column":6}},"175":{"start":{"line":176,"column":0},"end":{"line":176,"column":110}},"176":{"start":{"line":177,"column":0},"end":{"line":177,"column":24}},"177":{"start":{"line":178,"column":0},"end":{"line":178,"column":31}},"178":{"start":{"line":179,"column":0},"end":{"line":179,"column":23}},"179":{"start":{"line":180,"column":0},"end":{"line":180,"column":52}},"180":{"start":{"line":181,"column":0},"end":{"line":181,"column":52}},"181":{"start":{"line":182,"column":0},"end":{"line":182,"column":23}},"182":{"start":{"line":183,"column":0},"end":{"line":183,"column":6}},"183":{"start":{"line":184,"column":0},"end":{"line":184,"column":107}},"184":{"start":{"line":185,"column":0},"end":{"line":185,"column":24}},"185":{"start":{"line":186,"column":0},"end":{"line":186,"column":31}},"186":{"start":{"line":187,"column":0},"end":{"line":187,"column":23}},"187":{"start":{"line":188,"column":0},"end":{"line":188,"column":52}},"188":{"start":{"line":189,"column":0},"end":{"line":189,"column":52}},"189":{"start":{"line":190,"column":0},"end":{"line":190,"column":23}},"190":{"start":{"line":191,"column":0},"end":{"line":191,"column":6}},"191":{"start":{"line":192,"column":0},"end":{"line":192,"column":108}},"192":{"start":{"line":193,"column":0},"end":{"line":193,"column":24}},"193":{"start":{"line":194,"column":0},"end":{"line":194,"column":31}},"194":{"start":{"line":195,"column":0},"end":{"line":195,"column":24}},"195":{"start":{"line":196,"column":0},"end":{"line":196,"column":52}},"196":{"start":{"line":197,"column":0},"end":{"line":197,"column":52}},"197":{"start":{"line":198,"column":0},"end":{"line":198,"column":23}},"198":{"start":{"line":199,"column":0},"end":{"line":199,"column":6}},"199":{"start":{"line":200,"column":0},"end":{"line":200,"column":30}},"200":{"start":{"line":201,"column":0},"end":{"line":201,"column":21}},"201":{"start":{"line":202,"column":0},"end":{"line":202,"column":31}},"202":{"start":{"line":203,"column":0},"end":{"line":203,"column":24}},"203":{"start":{"line":204,"column":0},"end":{"line":204,"column":52}},"204":{"start":{"line":205,"column":0},"end":{"line":205,"column":52}},"205":{"start":{"line":206,"column":0},"end":{"line":206,"column":23}},"206":{"start":{"line":207,"column":0},"end":{"line":207,"column":5}},"207":{"start":{"line":208,"column":0},"end":{"line":208,"column":1}}},"s":{"0":1,"1":1,"2":1,"3":1,"4":1,"5":1,"6":1,"7":1,"8":1,"9":1,"10":1,"11":1,"12":1,"13":1,"14":1,"15":1,"16":1,"17":1,"18":1,"19":1,"20":1,"21":1,"22":1,"23":1,"24":1,"25":1,"26":1,"27":1,"28":3,"29":1,"30":1,"31":1,"32":1,"33":1,"34":1,"35":1,"36":1,"37":1,"38":1,"39":1,"40":1,"41":1,"42":1,"43":1,"44":1,"45":1,"46":1,"47":1,"48":2,"49":1,"50":1,"51":1,"52":1,"53":1,"54":1,"55":1,"56":1,"57":1,"58":1,"59":1,"60":1,"61":1,"62":1,"63":1,"64":1,"65":1,"66":1,"67":1,"68":1,"69":1,"70":1,"71":1,"72":1,"73":1,"74":1,"75":3,"76":1,"77":1,"78":1,"79":1,"80":1,"81":1,"82":1,"83":1,"84":1,"85":1,"86":1,"87":1,"88":1,"89":1,"90":1,"91":1,"92":1,"93":1,"94":1,"95":1,"96":1,"97":1,"98":1,"99":1,"100":1,"101":1,"102":3,"103":1,"104":1,"105":1,"106":1,"107":1,"108":1,"109":1,"110":1,"111":1,"112":1,"113":1,"114":1,"115":1,"116":1,"117":1,"118":1,"119":1,"120":1,"121":1,"122":1,"123":1,"124":1,"125":1,"126":1,"127":1,"128":1,"129":1,"130":1,"131":1,"132":1,"133":1,"134":1,"135":1,"136":1,"137":4,"138":1,"139":1,"140":1,"141":1,"142":1,"143":1,"144":1,"145":1,"146":1,"147":1,"148":1,"149":1,"150":1,"151":1,"152":1,"153":1,"154":1,"155":1,"156":1,"157":1,"158":1,"159":1,"160":1,"161":1,"162":1,"163":1,"164":3,"165":1,"166":1,"167":1,"168":1,"169":1,"170":1,"171":1,"172":1,"173":1,"174":1,"175":1,"176":1,"177":1,"178":1,"179":1,"180":1,"181":1,"182":1,"183":1,"184":1,"185":1,"186":1,"187":1,"188":1,"189":1,"190":1,"191":1,"192":1,"193":1,"194":1,"195":1,"196":1,"197":1,"198":1,"199":1,"200":1,"201":1,"202":1,"203":1,"204":1,"205":1,"206":1,"207":5},"branchMap":{"0":{"type":"branch","line":29,"loc":{"start":{"line":29,"column":0},"end":{"line":29,"column":1}},"locations":[{"start":{"line":29,"column":0},"end":{"line":29,"column":1}}]},"1":{"type":"branch","line":49,"loc":{"start":{"line":49,"column":0},"end":{"line":49,"column":1}},"locations":[{"start":{"line":49,"column":0},"end":{"line":49,"column":1}}]},"2":{"type":"branch","line":76,"loc":{"start":{"line":76,"column":0},"end":{"line":76,"column":1}},"locations":[{"start":{"line":76,"column":0},"end":{"line":76,"column":1}}]},"3":{"type":"branch","line":103,"loc":{"start":{"line":103,"column":0},"end":{"line":103,"column":1}},"locations":[{"start":{"line":103,"column":0},"end":{"line":103,"column":1}}]},"4":{"type":"branch","line":138,"loc":{"start":{"line":138,"column":0},"end":{"line":138,"column":1}},"locations":[{"start":{"line":138,"column":0},"end":{"line":138,"column":1}}]},"5":{"type":"branch","line":165,"loc":{"start":{"line":165,"column":0},"end":{"line":165,"column":1}},"locations":[{"start":{"line":165,"column":0},"end":{"line":165,"column":1}}]},"6":{"type":"branch","line":208,"loc":{"start":{"line":208,"column":0},"end":{"line":208,"column":1}},"locations":[{"start":{"line":208,"column":0},"end":{"line":208,"column":1}}]}},"b":{"0":[3],"1":[2],"2":[3],"3":[3],"4":[4],"5":[3],"6":[5]},"fnMap":{"0":{"name":"get","decl":{"start":{"line":29,"column":0},"end":{"line":29,"column":1}},"loc":{"start":{"line":29,"column":0},"end":{"line":29,"column":1}},"line":29},"1":{"name":"get","decl":{"start":{"line":49,"column":0},"end":{"line":49,"column":1}},"loc":{"start":{"line":49,"column":0},"end":{"line":49,"column":1}},"line":49},"2":{"name":"get","decl":{"start":{"line":76,"column":0},"end":{"line":76,"column":1}},"loc":{"start":{"line":76,"column":0},"end":{"line":76,"column":1}},"line":76},"3":{"name":"get","decl":{"start":{"line":103,"column":0},"end":{"line":103,"column":1}},"loc":{"start":{"line":103,"column":0},"end":{"line":103,"column":1}},"line":103},"4":{"name":"get","decl":{"start":{"line":138,"column":0},"end":{"line":138,"column":1}},"loc":{"start":{"line":138,"column":0},"end":{"line":138,"column":1}},"line":138},"5":{"name":"get","decl":{"start":{"line":165,"column":0},"end":{"line":165,"column":1}},"loc":{"start":{"line":165,"column":0},"end":{"line":165,"column":1}},"line":165},"6":{"name":"get","decl":{"start":{"line":208,"column":0},"end":{"line":208,"column":1}},"loc":{"start":{"line":208,"column":0},"end":{"line":208,"column":1}},"line":208}},"f":{"0":3,"1":2,"2":3,"3":3,"4":4,"5":3,"6":5}}
,"C:\\Users\\jjmal\\React\\delivery-fee-calculator\\src\\utils\\functions.ts": {"path":"C:\\Users\\jjmal\\React\\delivery-fee-calculator\\src\\utils\\functions.ts","all":false,"statementMap":{"0":{"start":{"line":1,"column":0},"end":{"line":1,"column":42}},"1":{"start":{"line":2,"column":0},"end":{"line":2,"column":0}},"2":{"start":{"line":3,"column":0},"end":{"line":3,"column":76}},"3":{"start":{"line":4,"column":0},"end":{"line":4,"column":61}},"4":{"start":{"line":5,"column":0},"end":{"line":5,"column":60}},"5":{"start":{"line":6,"column":0},"end":{"line":6,"column":15}},"6":{"start":{"line":7,"column":0},"end":{"line":7,"column":1}},"7":{"start":{"line":8,"column":0},"end":{"line":8,"column":0}},"8":{"start":{"line":9,"column":0},"end":{"line":9,"column":92}},"9":{"start":{"line":10,"column":0},"end":{"line":10,"column":53}},"10":{"start":{"line":11,"column":0},"end":{"line":11,"column":33}},"11":{"start":{"line":12,"column":0},"end":{"line":12,"column":60}},"12":{"start":{"line":13,"column":0},"end":{"line":13,"column":87}},"13":{"start":{"line":14,"column":0},"end":{"line":14,"column":15}},"14":{"start":{"line":15,"column":0},"end":{"line":15,"column":1}},"15":{"start":{"line":16,"column":0},"end":{"line":16,"column":0}},"16":{"start":{"line":17,"column":0},"end":{"line":17,"column":66}},"17":{"start":{"line":18,"column":0},"end":{"line":18,"column":73}},"18":{"start":{"line":19,"column":0},"end":{"line":19,"column":81}},"19":{"start":{"line":20,"column":0},"end":{"line":20,"column":118}},"20":{"start":{"line":21,"column":0},"end":{"line":21,"column":16}},"21":{"start":{"line":22,"column":0},"end":{"line":22,"column":1}},"22":{"start":{"line":23,"column":0},"end":{"line":23,"column":0}},"23":{"start":{"line":24,"column":0},"end":{"line":24,"column":38}},"24":{"start":{"line":25,"column":0},"end":{"line":25,"column":0}},"25":{"start":{"line":26,"column":0},"end":{"line":26,"column":73}},"26":{"start":{"line":27,"column":0},"end":{"line":27,"column":49}},"27":{"start":{"line":28,"column":0},"end":{"line":28,"column":59}},"28":{"start":{"line":29,"column":0},"end":{"line":29,"column":16}},"29":{"start":{"line":30,"column":0},"end":{"line":30,"column":1}},"30":{"start":{"line":31,"column":0},"end":{"line":31,"column":0}},"31":{"start":{"line":32,"column":0},"end":{"line":32,"column":78}},"32":{"start":{"line":33,"column":0},"end":{"line":33,"column":105}},"33":{"start":{"line":34,"column":0},"end":{"line":34,"column":88}},"34":{"start":{"line":35,"column":0},"end":{"line":35,"column":46}},"35":{"start":{"line":36,"column":0},"end":{"line":36,"column":44}},"36":{"start":{"line":37,"column":0},"end":{"line":37,"column":59}},"37":{"start":{"line":38,"column":0},"end":{"line":38,"column":71}},"38":{"start":{"line":39,"column":0},"end":{"line":39,"column":5}},"39":{"start":{"line":40,"column":0},"end":{"line":40,"column":12}},"40":{"start":{"line":41,"column":0},"end":{"line":41,"column":1}},"41":{"start":{"line":42,"column":0},"end":{"line":42,"column":0}},"42":{"start":{"line":43,"column":0},"end":{"line":43,"column":82}},"43":{"start":{"line":44,"column":0},"end":{"line":44,"column":34}},"44":{"start":{"line":45,"column":0},"end":{"line":45,"column":75}},"45":{"start":{"line":46,"column":0},"end":{"line":46,"column":77}},"46":{"start":{"line":47,"column":0},"end":{"line":47,"column":23}},"47":{"start":{"line":48,"column":0},"end":{"line":48,"column":5}},"48":{"start":{"line":49,"column":0},"end":{"line":49,"column":12}},"49":{"start":{"line":50,"column":0},"end":{"line":50,"column":1}},"50":{"start":{"line":51,"column":0},"end":{"line":51,"column":0}},"51":{"start":{"line":52,"column":0},"end":{"line":52,"column":82}},"52":{"start":{"line":53,"column":0},"end":{"line":53,"column":38}},"53":{"start":{"line":54,"column":0},"end":{"line":54,"column":49}},"54":{"start":{"line":55,"column":0},"end":{"line":55,"column":1}},"55":{"start":{"line":56,"column":0},"end":{"line":56,"column":0}},"56":{"start":{"line":57,"column":0},"end":{"line":57,"column":72}},"57":{"start":{"line":58,"column":0},"end":{"line":58,"column":35}},"58":{"start":{"line":59,"column":0},"end":{"line":59,"column":31}},"59":{"start":{"line":60,"column":0},"end":{"line":60,"column":42}},"60":{"start":{"line":61,"column":0},"end":{"line":61,"column":36}},"61":{"start":{"line":62,"column":0},"end":{"line":62,"column":42}},"62":{"start":{"line":63,"column":0},"end":{"line":63,"column":4}},"63":{"start":{"line":64,"column":0},"end":{"line":64,"column":46}},"64":{"start":{"line":65,"column":0},"end":{"line":65,"column":61}},"65":{"start":{"line":66,"column":0},"end":{"line":66,"column":73}},"66":{"start":{"line":67,"column":0},"end":{"line":67,"column":5}},"67":{"start":{"line":68,"column":0},"end":{"line":68,"column":26}},"68":{"start":{"line":69,"column":0},"end":{"line":69,"column":2}},"69":{"start":{"line":70,"column":0},"end":{"line":70,"column":0}},"70":{"start":{"line":71,"column":0},"end":{"line":71,"column":76}},"71":{"start":{"line":72,"column":0},"end":{"line":72,"column":28}},"72":{"start":{"line":73,"column":0},"end":{"line":73,"column":36}},"73":{"start":{"line":74,"column":0},"end":{"line":74,"column":34}},"74":{"start":{"line":75,"column":0},"end":{"line":75,"column":0}},"75":{"start":{"line":76,"column":0},"end":{"line":76,"column":137}},"76":{"start":{"line":77,"column":0},"end":{"line":77,"column":16}},"77":{"start":{"line":78,"column":0},"end":{"line":78,"column":1}},"78":{"start":{"line":79,"column":0},"end":{"line":79,"column":0}},"79":{"start":{"line":80,"column":0},"end":{"line":80,"column":72}},"80":{"start":{"line":81,"column":0},"end":{"line":81,"column":36}},"81":{"start":{"line":82,"column":0},"end":{"line":82,"column":1}},"82":{"start":{"line":83,"column":0},"end":{"line":83,"column":0}},"83":{"start":{"line":84,"column":0},"end":{"line":84,"column":76}},"84":{"start":{"line":85,"column":0},"end":{"line":85,"column":82}},"85":{"start":{"line":86,"column":0},"end":{"line":86,"column":37}},"86":{"start":{"line":87,"column":0},"end":{"line":87,"column":76}},"87":{"start":{"line":88,"column":0},"end":{"line":88,"column":0}},"88":{"start":{"line":89,"column":0},"end":{"line":89,"column":25}},"89":{"start":{"line":90,"column":0},"end":{"line":90,"column":16}},"90":{"start":{"line":91,"column":0},"end":{"line":91,"column":5}},"91":{"start":{"line":92,"column":0},"end":{"line":92,"column":4}},"92":{"start":{"line":93,"column":0},"end":{"line":93,"column":80}},"93":{"start":{"line":94,"column":0},"end":{"line":94,"column":84}},"94":{"start":{"line":95,"column":0},"end":{"line":95,"column":0}},"95":{"start":{"line":96,"column":0},"end":{"line":96,"column":54}},"96":{"start":{"line":97,"column":0},"end":{"line":97,"column":78}},"97":{"start":{"line":98,"column":0},"end":{"line":98,"column":5}},"98":{"start":{"line":99,"column":0},"end":{"line":99,"column":0}},"99":{"start":{"line":100,"column":0},"end":{"line":100,"column":54}},"100":{"start":{"line":101,"column":0},"end":{"line":101,"column":77}},"101":{"start":{"line":102,"column":0},"end":{"line":102,"column":65}},"102":{"start":{"line":103,"column":0},"end":{"line":103,"column":9}},"103":{"start":{"line":104,"column":0},"end":{"line":104,"column":5}},"104":{"start":{"line":105,"column":0},"end":{"line":105,"column":0}},"105":{"start":{"line":106,"column":0},"end":{"line":106,"column":61}},"106":{"start":{"line":107,"column":0},"end":{"line":107,"column":0}},"107":{"start":{"line":108,"column":0},"end":{"line":108,"column":28}},"108":{"start":{"line":109,"column":0},"end":{"line":109,"column":1}}},"s":{"0":1,"1":1,"2":1,"3":5,"4":5,"5":2,"6":5,"7":1,"8":1,"9":6,"10":6,"11":6,"12":6,"13":2,"14":6,"15":1,"16":1,"17":1,"18":5,"19":5,"20":3,"21":5,"22":1,"23":1,"24":1,"25":1,"26":25,"27":25,"28":21,"29":5,"30":1,"31":1,"32":25,"33":25,"34":25,"35":25,"36":25,"37":11,"38":11,"39":14,"40":6,"41":1,"42":1,"43":26,"44":12,"45":12,"46":12,"47":12,"48":14,"49":7,"50":1,"51":1,"52":62,"53":62,"54":5,"55":1,"56":1,"57":24,"58":24,"59":24,"60":24,"61":24,"62":24,"63":24,"64":10,"65":10,"66":10,"67":24,"68":6,"69":1,"70":1,"71":23,"72":23,"73":23,"74":23,"75":23,"76":16,"77":5,"78":1,"79":1,"80":8,"81":3,"82":1,"83":1,"84":23,"85":20,"86":20,"87":20,"88":23,"89":1,"90":1,"91":19,"92":19,"93":19,"94":19,"95":23,"96":18,"97":18,"98":19,"99":23,"100":18,"101":5,"102":5,"103":18,"104":19,"105":23,"106":18,"107":18,"108":23},"branchMap":{"0":{"type":"branch","line":3,"loc":{"start":{"line":3,"column":75},"end":{"line":7,"column":1}},"locations":[{"start":{"line":3,"column":75},"end":{"line":7,"column":1}}]},"1":{"type":"branch","line":5,"loc":{"start":{"line":5,"column":48},"end":{"line":5,"column":60}},"locations":[{"start":{"line":5,"column":48},"end":{"line":5,"column":60}}]},"2":{"type":"branch","line":5,"loc":{"start":{"line":5,"column":55},"end":{"line":7,"column":1}},"locations":[{"start":{"line":5,"column":55},"end":{"line":7,"column":1}}]},"3":{"type":"branch","line":7,"loc":{"start":{"line":7,"column":0},"end":{"line":7,"column":1}},"locations":[{"start":{"line":7,"column":0},"end":{"line":7,"column":1}}]},"4":{"type":"branch","line":9,"loc":{"start":{"line":9,"column":36},"end":{"line":15,"column":1}},"locations":[{"start":{"line":9,"column":36},"end":{"line":15,"column":1}}]},"5":{"type":"branch","line":12,"loc":{"start":{"line":12,"column":48},"end":{"line":12,"column":60}},"locations":[{"start":{"line":12,"column":48},"end":{"line":12,"column":60}}]},"6":{"type":"branch","line":12,"loc":{"start":{"line":12,"column":55},"end":{"line":13,"column":40}},"locations":[{"start":{"line":12,"column":55},"end":{"line":13,"column":40}}]},"7":{"type":"branch","line":13,"loc":{"start":{"line":13,"column":35},"end":{"line":13,"column":75}},"locations":[{"start":{"line":13,"column":35},"end":{"line":13,"column":75}}]},"8":{"type":"branch","line":13,"loc":{"start":{"line":13,"column":75},"end":{"line":15,"column":1}},"locations":[{"start":{"line":13,"column":75},"end":{"line":15,"column":1}}]},"9":{"type":"branch","line":15,"loc":{"start":{"line":15,"column":0},"end":{"line":15,"column":1}},"locations":[{"start":{"line":15,"column":0},"end":{"line":15,"column":1}}]},"10":{"type":"branch","line":18,"loc":{"start":{"line":18,"column":33},"end":{"line":22,"column":1}},"locations":[{"start":{"line":18,"column":33},"end":{"line":22,"column":1}}]},"11":{"type":"branch","line":20,"loc":{"start":{"line":20,"column":48},"end":{"line":20,"column":107}},"locations":[{"start":{"line":20,"column":48},"end":{"line":20,"column":107}}]},"12":{"type":"branch","line":20,"loc":{"start":{"line":20,"column":107},"end":{"line":20,"column":118}},"locations":[{"start":{"line":20,"column":107},"end":{"line":20,"column":118}}]},"13":{"type":"branch","line":20,"loc":{"start":{"line":20,"column":114},"end":{"line":22,"column":1}},"locations":[{"start":{"line":20,"column":114},"end":{"line":22,"column":1}}]},"14":{"type":"branch","line":22,"loc":{"start":{"line":22,"column":0},"end":{"line":22,"column":1}},"locations":[{"start":{"line":22,"column":0},"end":{"line":22,"column":1}}]},"15":{"type":"branch","line":26,"loc":{"start":{"line":26,"column":40},"end":{"line":30,"column":1}},"locations":[{"start":{"line":26,"column":40},"end":{"line":30,"column":1}}]},"16":{"type":"branch","line":28,"loc":{"start":{"line":28,"column":48},"end":{"line":28,"column":59}},"locations":[{"start":{"line":28,"column":48},"end":{"line":28,"column":59}}]},"17":{"type":"branch","line":28,"loc":{"start":{"line":28,"column":55},"end":{"line":30,"column":1}},"locations":[{"start":{"line":28,"column":55},"end":{"line":30,"column":1}}]},"18":{"type":"branch","line":30,"loc":{"start":{"line":30,"column":0},"end":{"line":30,"column":1}},"locations":[{"start":{"line":30,"column":0},"end":{"line":30,"column":1}}]},"19":{"type":"branch","line":32,"loc":{"start":{"line":32,"column":46},"end":{"line":41,"column":1}},"locations":[{"start":{"line":32,"column":46},"end":{"line":41,"column":1}}]},"20":{"type":"branch","line":37,"loc":{"start":{"line":37,"column":58},"end":{"line":39,"column":5}},"locations":[{"start":{"line":37,"column":58},"end":{"line":39,"column":5}}]},"21":{"type":"branch","line":39,"loc":{"start":{"line":39,"column":4},"end":{"line":41,"column":1}},"locations":[{"start":{"line":39,"column":4},"end":{"line":41,"column":1}}]},"22":{"type":"branch","line":41,"loc":{"start":{"line":41,"column":0},"end":{"line":41,"column":1}},"locations":[{"start":{"line":41,"column":0},"end":{"line":41,"column":1}}]},"23":{"type":"branch","line":43,"loc":{"start":{"line":43,"column":43},"end":{"line":50,"column":1}},"locations":[{"start":{"line":43,"column":43},"end":{"line":50,"column":1}}]},"24":{"type":"branch","line":44,"loc":{"start":{"line":44,"column":33},"end":{"line":48,"column":5}},"locations":[{"start":{"line":44,"column":33},"end":{"line":48,"column":5}}]},"25":{"type":"branch","line":48,"loc":{"start":{"line":48,"column":4},"end":{"line":50,"column":1}},"locations":[{"start":{"line":48,"column":4},"end":{"line":50,"column":1}}]},"26":{"type":"branch","line":50,"loc":{"start":{"line":50,"column":0},"end":{"line":50,"column":1}},"locations":[{"start":{"line":50,"column":0},"end":{"line":50,"column":1}}]},"27":{"type":"branch","line":52,"loc":{"start":{"line":52,"column":39},"end":{"line":55,"column":1}},"locations":[{"start":{"line":52,"column":39},"end":{"line":55,"column":1}}]},"28":{"type":"branch","line":55,"loc":{"start":{"line":55,"column":0},"end":{"line":55,"column":1}},"locations":[{"start":{"line":55,"column":0},"end":{"line":55,"column":1}}]},"29":{"type":"branch","line":57,"loc":{"start":{"line":57,"column":38},"end":{"line":69,"column":2}},"locations":[{"start":{"line":57,"column":38},"end":{"line":69,"column":2}}]},"30":{"type":"branch","line":64,"loc":{"start":{"line":64,"column":45},"end":{"line":67,"column":5}},"locations":[{"start":{"line":64,"column":45},"end":{"line":67,"column":5}}]},"31":{"type":"branch","line":66,"loc":{"start":{"line":66,"column":47},"end":{"line":66,"column":73}},"locations":[{"start":{"line":66,"column":47},"end":{"line":66,"column":73}}]},"32":{"type":"branch","line":69,"loc":{"start":{"line":69,"column":0},"end":{"line":69,"column":2}},"locations":[{"start":{"line":69,"column":0},"end":{"line":69,"column":2}}]},"33":{"type":"branch","line":71,"loc":{"start":{"line":71,"column":28},"end":{"line":78,"column":1}},"locations":[{"start":{"line":71,"column":28},"end":{"line":78,"column":1}}]},"34":{"type":"branch","line":76,"loc":{"start":{"line":76,"column":31},"end":{"line":76,"column":126}},"locations":[{"start":{"line":76,"column":31},"end":{"line":76,"column":126}}]},"35":{"type":"branch","line":76,"loc":{"start":{"line":76,"column":69},"end":{"line":76,"column":126}},"locations":[{"start":{"line":76,"column":69},"end":{"line":76,"column":126}}]},"36":{"type":"branch","line":76,"loc":{"start":{"line":76,"column":126},"end":{"line":76,"column":137}},"locations":[{"start":{"line":76,"column":126},"end":{"line":76,"column":137}}]},"37":{"type":"branch","line":76,"loc":{"start":{"line":76,"column":133},"end":{"line":78,"column":1}},"locations":[{"start":{"line":76,"column":133},"end":{"line":78,"column":1}}]},"38":{"type":"branch","line":78,"loc":{"start":{"line":78,"column":0},"end":{"line":78,"column":1}},"locations":[{"start":{"line":78,"column":0},"end":{"line":78,"column":1}}]},"39":{"type":"branch","line":80,"loc":{"start":{"line":80,"column":30},"end":{"line":82,"column":1}},"locations":[{"start":{"line":80,"column":30},"end":{"line":82,"column":1}}]},"40":{"type":"branch","line":82,"loc":{"start":{"line":82,"column":0},"end":{"line":82,"column":1}},"locations":[{"start":{"line":82,"column":0},"end":{"line":82,"column":1}}]},"41":{"type":"branch","line":84,"loc":{"start":{"line":84,"column":37},"end":{"line":109,"column":1}},"locations":[{"start":{"line":84,"column":37},"end":{"line":109,"column":1}}]},"42":{"type":"branch","line":85,"loc":{"start":{"line":85,"column":36},"end":{"line":85,"column":74}},"locations":[{"start":{"line":85,"column":36},"end":{"line":85,"column":74}}]},"43":{"type":"branch","line":85,"loc":{"start":{"line":85,"column":74},"end":{"line":85,"column":82}},"locations":[{"start":{"line":85,"column":74},"end":{"line":85,"column":82}}]},"44":{"type":"branch","line":85,"loc":{"start":{"line":85,"column":81},"end":{"line":89,"column":24}},"locations":[{"start":{"line":85,"column":81},"end":{"line":89,"column":24}}]},"45":{"type":"branch","line":89,"loc":{"start":{"line":89,"column":24},"end":{"line":91,"column":5}},"locations":[{"start":{"line":89,"column":24},"end":{"line":91,"column":5}}]},"46":{"type":"branch","line":91,"loc":{"start":{"line":91,"column":4},"end":{"line":96,"column":53}},"locations":[{"start":{"line":91,"column":4},"end":{"line":96,"column":53}}]},"47":{"type":"branch","line":96,"loc":{"start":{"line":96,"column":53},"end":{"line":98,"column":5}},"locations":[{"start":{"line":96,"column":53},"end":{"line":98,"column":5}}]},"48":{"type":"branch","line":98,"loc":{"start":{"line":98,"column":4},"end":{"line":100,"column":53}},"locations":[{"start":{"line":98,"column":4},"end":{"line":100,"column":53}}]},"49":{"type":"branch","line":100,"loc":{"start":{"line":100,"column":53},"end":{"line":104,"column":5}},"locations":[{"start":{"line":100,"column":53},"end":{"line":104,"column":5}}]},"50":{"type":"branch","line":101,"loc":{"start":{"line":101,"column":76},"end":{"line":103,"column":9}},"locations":[{"start":{"line":101,"column":76},"end":{"line":103,"column":9}}]},"51":{"type":"branch","line":104,"loc":{"start":{"line":104,"column":4},"end":{"line":106,"column":59}},"locations":[{"start":{"line":104,"column":4},"end":{"line":106,"column":59}}]},"52":{"type":"branch","line":106,"loc":{"start":{"line":106,"column":52},"end":{"line":106,"column":61}},"locations":[{"start":{"line":106,"column":52},"end":{"line":106,"column":61}}]},"53":{"type":"branch","line":106,"loc":{"start":{"line":106,"column":59},"end":{"line":109,"column":1}},"locations":[{"start":{"line":106,"column":59},"end":{"line":109,"column":1}}]},"54":{"type":"branch","line":109,"loc":{"start":{"line":109,"column":0},"end":{"line":109,"column":1}},"locations":[{"start":{"line":109,"column":0},"end":{"line":109,"column":1}}]}},"b":{"0":[5],"1":[3],"2":[2],"3":[5],"4":[6],"5":[2],"6":[4],"7":[3],"8":[2],"9":[6],"10":[5],"11":[4],"12":[2],"13":[3],"14":[5],"15":[25],"16":[4],"17":[21],"18":[5],"19":[25],"20":[11],"21":[14],"22":[6],"23":[26],"24":[12],"25":[14],"26":[7],"27":[62],"28":[5],"29":[24],"30":[10],"31":[4],"32":[6],"33":[23],"34":[9],"35":[8],"36":[7],"37":[16],"38":[5],"39":[8],"40":[3],"41":[23],"42":[21],"43":[3],"44":[20],"45":[1],"46":[19],"47":[18],"48":[19],"49":[18],"50":[5],"51":[19],"52":[1],"53":[18],"54":[23]},"fnMap":{"0":{"name":"isValidForIntegerCharacter","decl":{"start":{"line":3,"column":75},"end":{"line":7,"column":1}},"loc":{"start":{"line":3,"column":75},"end":{"line":7,"column":1}},"line":3},"1":{"name":"get","decl":{"start":{"line":7,"column":0},"end":{"line":7,"column":1}},"loc":{"start":{"line":7,"column":0},"end":{"line":7,"column":1}},"line":7},"2":{"name":"isValidForFloatValue","decl":{"start":{"line":9,"column":36},"end":{"line":15,"column":1}},"loc":{"start":{"line":9,"column":36},"end":{"line":15,"column":1}},"line":9},"3":{"name":"get","decl":{"start":{"line":15,"column":0},"end":{"line":15,"column":1}},"loc":{"start":{"line":15,"column":0},"end":{"line":15,"column":1}},"line":15},"4":{"name":"checkDecimalCount","decl":{"start":{"line":18,"column":33},"end":{"line":22,"column":1}},"loc":{"start":{"line":18,"column":33},"end":{"line":22,"column":1}},"line":18},"5":{"name":"get","decl":{"start":{"line":22,"column":0},"end":{"line":22,"column":1}},"loc":{"start":{"line":22,"column":0},"end":{"line":22,"column":1}},"line":22},"6":{"name":"isCartValueHundredOrMore","decl":{"start":{"line":26,"column":40},"end":{"line":30,"column":1}},"loc":{"start":{"line":26,"column":40},"end":{"line":30,"column":1}},"line":26},"7":{"name":"get","decl":{"start":{"line":30,"column":0},"end":{"line":30,"column":1}},"loc":{"start":{"line":30,"column":0},"end":{"line":30,"column":1}},"line":30},"8":{"name":"addSmallOrderSurchargeIfNeeded","decl":{"start":{"line":32,"column":46},"end":{"line":41,"column":1}},"loc":{"start":{"line":32,"column":46},"end":{"line":41,"column":1}},"line":32},"9":{"name":"get","decl":{"start":{"line":41,"column":0},"end":{"line":41,"column":1}},"loc":{"start":{"line":41,"column":0},"end":{"line":41,"column":1}},"line":41},"10":{"name":"addFeeForEveryBeginning500m","decl":{"start":{"line":43,"column":43},"end":{"line":50,"column":1}},"loc":{"start":{"line":43,"column":43},"end":{"line":50,"column":1}},"line":43},"11":{"name":"get","decl":{"start":{"line":50,"column":0},"end":{"line":50,"column":1}},"loc":{"start":{"line":50,"column":0},"end":{"line":50,"column":1}},"line":50},"12":{"name":"isDeliveryCostAtMaximum","decl":{"start":{"line":52,"column":39},"end":{"line":55,"column":1}},"loc":{"start":{"line":52,"column":39},"end":{"line":55,"column":1}},"line":52},"13":{"name":"get","decl":{"start":{"line":55,"column":0},"end":{"line":55,"column":1}},"loc":{"start":{"line":55,"column":0},"end":{"line":55,"column":1}},"line":55},"14":{"name":"addFeeForMultipleItems","decl":{"start":{"line":57,"column":38},"end":{"line":69,"column":2}},"loc":{"start":{"line":57,"column":38},"end":{"line":69,"column":2}},"line":57},"15":{"name":"get","decl":{"start":{"line":69,"column":0},"end":{"line":69,"column":2}},"loc":{"start":{"line":69,"column":0},"end":{"line":69,"column":2}},"line":69},"16":{"name":"isFridayRush","decl":{"start":{"line":71,"column":28},"end":{"line":78,"column":1}},"loc":{"start":{"line":71,"column":28},"end":{"line":78,"column":1}},"line":71},"17":{"name":"get","decl":{"start":{"line":78,"column":0},"end":{"line":78,"column":1}},"loc":{"start":{"line":78,"column":0},"end":{"line":78,"column":1}},"line":78},"18":{"name":"addRushTimeFee","decl":{"start":{"line":80,"column":30},"end":{"line":82,"column":1}},"loc":{"start":{"line":80,"column":30},"end":{"line":82,"column":1}},"line":80},"19":{"name":"get","decl":{"start":{"line":82,"column":0},"end":{"line":82,"column":1}},"loc":{"start":{"line":82,"column":0},"end":{"line":82,"column":1}},"line":82},"20":{"name":"calculateDeliveryCost","decl":{"start":{"line":84,"column":37},"end":{"line":109,"column":1}},"loc":{"start":{"line":84,"column":37},"end":{"line":109,"column":1}},"line":84},"21":{"name":"get","decl":{"start":{"line":109,"column":0},"end":{"line":109,"column":1}},"loc":{"start":{"line":109,"column":0},"end":{"line":109,"column":1}},"line":109}},"f":{"0":5,"1":5,"2":6,"3":6,"4":5,"5":5,"6":25,"7":5,"8":25,"9":6,"10":26,"11":7,"12":62,"13":5,"14":24,"15":6,"16":23,"17":5,"18":8,"19":3,"20":23,"21":23}}
}
